#! /Users/sriramnimmala/Desktop/oss-cad-suite/bin/vvp
:ivl_version "13.0 (devel)" "(s20221226-518-g94d9d1951)";
:ivl_delay_selection "TYPICAL";
:vpi_time_precision - 12;
:vpi_module "/Users/sriramnimmala/Desktop/oss-cad-suite/lib/ivl/system.vpi";
:vpi_module "/Users/sriramnimmala/Desktop/oss-cad-suite/lib/ivl/vhdl_sys.vpi";
:vpi_module "/Users/sriramnimmala/Desktop/oss-cad-suite/lib/ivl/vhdl_textio.vpi";
:vpi_module "/Users/sriramnimmala/Desktop/oss-cad-suite/lib/ivl/v2005_math.vpi";
:vpi_module "/Users/sriramnimmala/Desktop/oss-cad-suite/lib/ivl/va_math.vpi";
:vpi_module "/Users/sriramnimmala/Desktop/oss-cad-suite/lib/ivl/v2009.vpi";
S_0x13b60f290 .scope package, "$unit" "$unit" 2 1;
 .timescale 0 0;
S_0x13b60f400 .scope module, "uart_tx_tb" "uart_tx_tb" 3 4;
 .timescale -9 -12;
P_0x13b60f780 .param/l "CLK_PERIOD" 0 3 8, +C4<00000000000000000000000000001010>;
P_0x13b60f7c0 .param/l "DATA_WIDTH" 0 3 7, +C4<00000000000000000000000000001000>;
v0x13b633c90_0 .var "clk", 0 0;
v0x13b633d70_0 .var "din", 7 0;
v0x13b633e40_0 .var "en", 0 0;
v0x13b633f10_0 .var "reset", 0 0;
v0x13b633fe0_0 .net "ser_out", 0 0, v0x13b632c20_0;  1 drivers
S_0x13b609e60 .scope begin, "$ivl_for_loop1" "$ivl_for_loop1" 3 117, 3 117 0, S_0x13b60f400;
 .timescale -9 -12;
v0x13b60b870_0 .var/2s "i", 31 0;
S_0x13b631ec0 .scope module, "dut" "uart_tx" 3 20, 4 2 0, S_0x13b60f400;
 .timescale -9 -12;
    .port_info 0 /INPUT 8 "din";
    .port_info 1 /INPUT 1 "clk";
    .port_info 2 /INPUT 1 "reset";
    .port_info 3 /INPUT 1 "en";
    .port_info 4 /OUTPUT 1 "ser_out";
P_0x13b632090 .param/l "DATA" 1 4 17, C4<010>;
P_0x13b6320d0 .param/l "DATA_WIDTH" 0 4 3, +C4<00000000000000000000000000001000>;
P_0x13b632110 .param/l "IDLE" 1 4 15, C4<000>;
P_0x13b632150 .param/l "START" 1 4 16, C4<001>;
P_0x13b632190 .param/l "STOP" 1 4 18, C4<011>;
v0x13b632df0_0 .net "clk", 0 0, v0x13b633c90_0;  1 drivers
v0x13b632ea0_0 .net "din", 7 0, v0x13b633d70_0;  1 drivers
v0x13b632f30_0 .net "en", 0 0, v0x13b633e40_0;  1 drivers
v0x13b632fe0_0 .var "en_shift", 0 0;
v0x13b633070_0 .net "flag", 0 0, v0x13b632ac0_0;  1 drivers
v0x13b633140_0 .net "reset", 0 0, v0x13b633f10_0;  1 drivers
v0x13b6331f0_0 .net "ser_out", 0 0, v0x13b632c20_0;  alias, 1 drivers
v0x13b6332a0_0 .var "state", 2 0;
S_0x13b632440 .scope module, "piso_DUT" "piso" 4 20, 5 1 0, S_0x13b631ec0;
 .timescale -9 -12;
    .port_info 0 /INPUT 1 "clk";
    .port_info 1 /INPUT 1 "reset";
    .port_info 2 /INPUT 1 "en";
    .port_info 3 /INPUT 8 "din";
    .port_info 4 /OUTPUT 1 "flag";
    .port_info 5 /OUTPUT 1 "ser_out";
P_0x13b632600 .param/l "DATA_WIDTH" 0 5 2, +C4<00000000000000000000000000001000>;
v0x13b632850_0 .net "clk", 0 0, v0x13b633c90_0;  alias, 1 drivers
v0x13b632900_0 .var "counter", 2 0;
v0x13b6329a0_0 .net "din", 7 0, v0x13b633d70_0;  alias, 1 drivers
v0x13b632a30_0 .net "en", 0 0, v0x13b633e40_0;  alias, 1 drivers
v0x13b632ac0_0 .var "flag", 0 0;
v0x13b632b90_0 .net "reset", 0 0, v0x13b633f10_0;  alias, 1 drivers
v0x13b632c20_0 .var "ser_out", 0 0;
v0x13b632cb0_0 .var "shift_reg", 7 0;
E_0x13b6327f0 .event posedge, v0x13b632850_0;
S_0x13b633380 .scope autotask, "monitor_uart" "monitor_uart" 3 65, 3 65 0, S_0x13b60f400;
 .timescale -9 -12;
E_0x13b633560 .event anyedge, v0x13b632c20_0;
TD_uart_tx_tb.monitor_uart ;
T_0.0 ;
    %load/vec4 v0x13b633fe0_0;
    %pad/u 32;
    %pushi/vec4 0, 0, 32;
    %cmp/e;
    %flag_get/vec4 6;
    %cmpi/ne 1, 0, 1;
    %jmp/0xz T_0.1, 6;
    %wait E_0x13b633560;
    %jmp T_0.0;
T_0.1 ;
    %vpi_call/w 3 69 "$display", "[%0t] Start bit detected", $time {0 0 0};
    %delay 15000, 0;
    %load/vec4 v0x13b633fe0_0;
    %pad/u 32;
    %cmpi/ne 0, 0, 32;
    %jmp/0xz  T_0.2, 6;
    %vpi_call/w 3 73 "$error", "Start bit not low" {0 0 0};
T_0.2 ;
    %fork t_1, S_0x13b6335a0;
    %jmp t_0;
    .scope S_0x13b6335a0;
t_1 ;
    %pushi/vec4 0, 0, 32;
    %store/vec4 v0x13b633760_0, 0, 32;
T_0.4 ; Top of for-loop
    %load/vec4 v0x13b633760_0;
    %cmpi/s 8, 0, 32;
    %jmp/0xz T_0.5, 5;
    %delay 10000, 0;
    %vpi_call/w 3 78 "$display", "[%0t] Bit %0d: %b", $time, v0x13b633760_0, v0x13b633fe0_0 {0 0 0};
T_0.6 ; for-loop step statement
    ; show_stmt_assign_vector: Get l-value for compressed += operand
    %load/vec4 v0x13b633760_0;
    %pushi/vec4 1, 0, 32;
    %add;
    %cast2;
    %store/vec4 v0x13b633760_0, 0, 32;
    %jmp T_0.4;
T_0.5 ; for-loop exit label
    %end;
    .scope S_0x13b633380;
t_0 %join;
    %delay 10000, 0;
    %load/vec4 v0x13b633fe0_0;
    %pad/u 32;
    %cmpi/ne 1, 0, 32;
    %jmp/0xz  T_0.7, 6;
    %vpi_call/w 3 83 "$error", "Stop bit not high" {0 0 0};
T_0.7 ;
    %vpi_call/w 3 85 "$display", "[%0t] Stop bit detected", $time {0 0 0};
    %end;
S_0x13b6335a0 .scope autobegin, "$ivl_for_loop0" "$ivl_for_loop0" 3 76, 3 76 0, S_0x13b633380;
 .timescale -9 -12;
v0x13b633760_0 .var/2s "i", 31 0;
S_0x13b633810 .scope autotask, "reset_dut" "reset_dut" 3 35, 3 35 0, S_0x13b60f400;
 .timescale -9 -12;
TD_uart_tx_tb.reset_dut ;
    %pushi/vec4 0, 0, 1;
    %store/vec4 v0x13b633f10_0, 0, 1;
    %pushi/vec4 2, 0, 32;
T_1.9 %dup/vec4;
    %pushi/vec4 0, 0, 32;
    %cmp/s;
    %jmp/1xz T_1.10, 5;
    %jmp/1 T_1.10, 4;
    %pushi/vec4 1, 0, 32;
    %sub;
    %wait E_0x13b6327f0;
    %jmp T_1.9;
T_1.10 ;
    %pop/vec4 1;
    %pushi/vec4 1, 0, 1;
    %store/vec4 v0x13b633f10_0, 0, 1;
    %wait E_0x13b6327f0;
    %end;
S_0x13b6339d0 .scope autotask, "send_byte" "send_byte" 3 45, 3 45 0, S_0x13b60f400;
 .timescale -9 -12;
v0x13b633bd0_0 .var "data", 7 0;
TD_uart_tx_tb.send_byte ;
T_2.11 ;
    %load/vec4 v0x13b6332a0_0;
    %cmpi/ne 0, 0, 3;
    %jmp/0xz T_2.12, 4;
    %wait E_0x13b6327f0;
    %jmp T_2.11;
T_2.12 ;
    %load/vec4 v0x13b633bd0_0;
    %store/vec4 v0x13b633d70_0, 0, 8;
    %pushi/vec4 1, 0, 1;
    %store/vec4 v0x13b633e40_0, 0, 1;
    %wait E_0x13b6327f0;
    %pushi/vec4 0, 0, 1;
    %store/vec4 v0x13b633e40_0, 0, 1;
T_2.13 ;
    %load/vec4 v0x13b6332a0_0;
    %cmpi/ne 0, 0, 3;
    %jmp/0xz T_2.14, 4;
    %wait E_0x13b6327f0;
    %jmp T_2.13;
T_2.14 ;
    %pushi/vec4 5, 0, 32;
T_2.15 %dup/vec4;
    %pushi/vec4 0, 0, 32;
    %cmp/s;
    %jmp/1xz T_2.16, 5;
    %jmp/1 T_2.16, 4;
    %pushi/vec4 1, 0, 32;
    %sub;
    %wait E_0x13b6327f0;
    %jmp T_2.15;
T_2.16 ;
    %pop/vec4 1;
    %end;
    .scope S_0x13b632440;
T_3 ;
    %wait E_0x13b6327f0;
    %load/vec4 v0x13b632b90_0;
    %flag_set/vec4 8;
    %jmp/0xz  T_3.0, 8;
    %pushi/vec4 0, 0, 8;
    %assign/vec4 v0x13b632cb0_0, 0;
    %pushi/vec4 1, 0, 1;
    %assign/vec4 v0x13b632c20_0, 0;
    %pushi/vec4 0, 0, 3;
    %assign/vec4 v0x13b632900_0, 0;
    %pushi/vec4 0, 0, 1;
    %assign/vec4 v0x13b632ac0_0, 0;
    %jmp T_3.1;
T_3.0 ;
    %load/vec4 v0x13b632a30_0;
    %flag_set/vec4 8;
    %jmp/0xz  T_3.2, 8;
    %load/vec4 v0x13b6329a0_0;
    %assign/vec4 v0x13b632cb0_0, 0;
    %load/vec4 v0x13b6329a0_0;
    %parti/s 1, 0, 2;
    %assign/vec4 v0x13b632c20_0, 0;
    %jmp T_3.3;
T_3.2 ;
    %load/vec4 v0x13b632cb0_0;
    %parti/s 1, 0, 2;
    %assign/vec4 v0x13b632c20_0, 0;
    %load/vec4 v0x13b632cb0_0;
    %parti/s 7, 0, 2;
    %concati/vec4 0, 0, 1;
    %assign/vec4 v0x13b632cb0_0, 0;
    %load/vec4 v0x13b632900_0;
    %addi 1, 0, 3;
    %assign/vec4 v0x13b632900_0, 0;
T_3.3 ;
T_3.1 ;
    %jmp T_3;
    .thread T_3;
    .scope S_0x13b632440;
T_4 ;
    %wait E_0x13b6327f0;
    %load/vec4 v0x13b632900_0;
    %cmpi/e 7, 0, 3;
    %jmp/0xz  T_4.0, 4;
    %pushi/vec4 1, 0, 1;
    %assign/vec4 v0x13b632ac0_0, 0;
T_4.0 ;
    %jmp T_4;
    .thread T_4;
    .scope S_0x13b631ec0;
T_5 ;
    %wait E_0x13b6327f0;
    %load/vec4 v0x13b633140_0;
    %nor/r;
    %flag_set/vec4 8;
    %jmp/0xz  T_5.0, 8;
    %pushi/vec4 0, 0, 3;
    %assign/vec4 v0x13b6332a0_0, 0;
    %pushi/vec4 0, 0, 1;
    %assign/vec4 v0x13b632fe0_0, 0;
    %jmp T_5.1;
T_5.0 ;
    %load/vec4 v0x13b6332a0_0;
    %dup/vec4;
    %pushi/vec4 0, 0, 3;
    %cmp/u;
    %jmp/1 T_5.2, 6;
    %dup/vec4;
    %pushi/vec4 1, 0, 3;
    %cmp/u;
    %jmp/1 T_5.3, 6;
    %dup/vec4;
    %pushi/vec4 2, 0, 3;
    %cmp/u;
    %jmp/1 T_5.4, 6;
    %dup/vec4;
    %pushi/vec4 3, 0, 3;
    %cmp/u;
    %jmp/1 T_5.5, 6;
    %pushi/vec4 0, 0, 3;
    %assign/vec4 v0x13b6332a0_0, 0;
    %jmp T_5.7;
T_5.2 ;
    %load/vec4 v0x13b632f30_0;
    %flag_set/vec4 8;
    %jmp/0xz  T_5.8, 8;
    %pushi/vec4 1, 0, 3;
    %assign/vec4 v0x13b6332a0_0, 0;
    %pushi/vec4 1, 0, 1;
    %assign/vec4 v0x13b632fe0_0, 0;
    %jmp T_5.9;
T_5.8 ;
    %pushi/vec4 0, 0, 3;
    %assign/vec4 v0x13b6332a0_0, 0;
    %pushi/vec4 0, 0, 1;
    %assign/vec4 v0x13b632fe0_0, 0;
T_5.9 ;
    %jmp T_5.7;
T_5.3 ;
    %pushi/vec4 2, 0, 3;
    %assign/vec4 v0x13b6332a0_0, 0;
    %pushi/vec4 0, 0, 1;
    %assign/vec4 v0x13b632fe0_0, 0;
    %jmp T_5.7;
T_5.4 ;
    %load/vec4 v0x13b633070_0;
    %flag_set/vec4 8;
    %jmp/0xz  T_5.10, 8;
    %pushi/vec4 3, 0, 3;
    %assign/vec4 v0x13b6332a0_0, 0;
    %jmp T_5.11;
T_5.10 ;
    %pushi/vec4 2, 0, 3;
    %assign/vec4 v0x13b6332a0_0, 0;
T_5.11 ;
    %pushi/vec4 0, 0, 1;
    %assign/vec4 v0x13b632fe0_0, 0;
    %jmp T_5.7;
T_5.5 ;
    %pushi/vec4 0, 0, 3;
    %assign/vec4 v0x13b6332a0_0, 0;
    %pushi/vec4 0, 0, 1;
    %assign/vec4 v0x13b632fe0_0, 0;
    %jmp T_5.7;
T_5.7 ;
    %pop/vec4 1;
T_5.1 ;
    %jmp T_5;
    .thread T_5;
    .scope S_0x13b60f400;
T_6 ;
    %pushi/vec4 0, 0, 1;
    %store/vec4 v0x13b633c90_0, 0, 1;
T_6.0 ;
    %delay 5000, 0;
    %load/vec4 v0x13b633c90_0;
    %inv;
    %store/vec4 v0x13b633c90_0, 0, 1;
    %jmp T_6.0;
T_6.1 ;
    %end;
    .thread T_6;
    .scope S_0x13b60f400;
T_7 ;
    %pushi/vec4 0, 0, 8;
    %store/vec4 v0x13b633d70_0, 0, 8;
    %pushi/vec4 0, 0, 1;
    %store/vec4 v0x13b633e40_0, 0, 1;
    %alloc S_0x13b633810;
    %fork TD_uart_tx_tb.reset_dut, S_0x13b633810;
    %join;
    %free S_0x13b633810;
    %fork t_3, S_0x13b60f400;
    %fork t_4, S_0x13b60f400;
    %join;
    %join;
    %jmp t_2;
t_3 ;
    %alloc S_0x13b6339d0;
    %pushi/vec4 85, 0, 8;
    %store/vec4 v0x13b633bd0_0, 0, 8;
    %fork TD_uart_tx_tb.send_byte, S_0x13b6339d0;
    %join;
    %free S_0x13b6339d0;
    %end;
t_4 ;
    %alloc S_0x13b633380;
    %fork TD_uart_tx_tb.monitor_uart, S_0x13b633380;
    %join;
    %free S_0x13b633380;
    %end;
    .scope S_0x13b60f400;
t_2 ;
    %fork t_6, S_0x13b60f400;
    %fork t_7, S_0x13b60f400;
    %join;
    %join;
    %jmp t_5;
t_6 ;
    %alloc S_0x13b6339d0;
    %pushi/vec4 0, 0, 8;
    %store/vec4 v0x13b633bd0_0, 0, 8;
    %fork TD_uart_tx_tb.send_byte, S_0x13b6339d0;
    %join;
    %free S_0x13b6339d0;
    %end;
t_7 ;
    %alloc S_0x13b633380;
    %fork TD_uart_tx_tb.monitor_uart, S_0x13b633380;
    %join;
    %free S_0x13b633380;
    %end;
    .scope S_0x13b60f400;
t_5 ;
    %fork t_9, S_0x13b60f400;
    %fork t_10, S_0x13b60f400;
    %join;
    %join;
    %jmp t_8;
t_9 ;
    %alloc S_0x13b6339d0;
    %pushi/vec4 255, 0, 8;
    %store/vec4 v0x13b633bd0_0, 0, 8;
    %fork TD_uart_tx_tb.send_byte, S_0x13b6339d0;
    %join;
    %free S_0x13b6339d0;
    %end;
t_10 ;
    %alloc S_0x13b633380;
    %fork TD_uart_tx_tb.monitor_uart, S_0x13b633380;
    %join;
    %free S_0x13b633380;
    %end;
    .scope S_0x13b60f400;
t_8 ;
    %fork t_12, S_0x13b609e60;
    %jmp t_11;
    .scope S_0x13b609e60;
t_12 ;
    %pushi/vec4 0, 0, 32;
    %store/vec4 v0x13b60b870_0, 0, 32;
T_7.0 ; Top of for-loop
    %load/vec4 v0x13b60b870_0;
    %cmpi/s 5, 0, 32;
    %jmp/0xz T_7.1, 5;
    %fork t_14, S_0x13b609e60;
    %fork t_15, S_0x13b609e60;
    %join;
    %join;
    %jmp t_13;
t_14 ;
    %alloc S_0x13b6339d0;
    %vpi_func 3 119 "$random" 32 {0 0 0};
    %pad/s 8;
    %store/vec4 v0x13b633bd0_0, 0, 8;
    %fork TD_uart_tx_tb.send_byte, S_0x13b6339d0;
    %join;
    %free S_0x13b6339d0;
    %end;
t_15 ;
    %alloc S_0x13b633380;
    %fork TD_uart_tx_tb.monitor_uart, S_0x13b633380;
    %join;
    %free S_0x13b633380;
    %end;
    .scope S_0x13b609e60;
t_13 ;
T_7.2 ; for-loop step statement
    ; show_stmt_assign_vector: Get l-value for compressed += operand
    %load/vec4 v0x13b60b870_0;
    %pushi/vec4 1, 0, 32;
    %add;
    %cast2;
    %store/vec4 v0x13b60b870_0, 0, 32;
    %jmp T_7.0;
T_7.1 ; for-loop exit label
    %end;
    .scope S_0x13b60f400;
t_11 %join;
    %fork t_17, S_0x13b60f400;
    %fork t_18, S_0x13b60f400;
    %join;
    %join;
    %jmp t_16;
t_17 ;
    %alloc S_0x13b6339d0;
    %pushi/vec4 170, 0, 8;
    %store/vec4 v0x13b633bd0_0, 0, 8;
    %fork TD_uart_tx_tb.send_byte, S_0x13b6339d0;
    %join;
    %free S_0x13b6339d0;
    %alloc S_0x13b6339d0;
    %pushi/vec4 85, 0, 8;
    %store/vec4 v0x13b633bd0_0, 0, 8;
    %fork TD_uart_tx_tb.send_byte, S_0x13b6339d0;
    %join;
    %free S_0x13b6339d0;
    %alloc S_0x13b6339d0;
    %pushi/vec4 165, 0, 8;
    %store/vec4 v0x13b633bd0_0, 0, 8;
    %fork TD_uart_tx_tb.send_byte, S_0x13b6339d0;
    %join;
    %free S_0x13b6339d0;
    %end;
t_18 ;
    %alloc S_0x13b633380;
    %fork TD_uart_tx_tb.monitor_uart, S_0x13b633380;
    %join;
    %free S_0x13b633380;
    %alloc S_0x13b633380;
    %fork TD_uart_tx_tb.monitor_uart, S_0x13b633380;
    %join;
    %free S_0x13b633380;
    %alloc S_0x13b633380;
    %fork TD_uart_tx_tb.monitor_uart, S_0x13b633380;
    %join;
    %free S_0x13b633380;
    %end;
    .scope S_0x13b60f400;
t_16 ;
    %vpi_call/w 3 139 "$display", "UART TX test completed" {0 0 0};
    %vpi_call/w 3 140 "$finish" {0 0 0};
    %end;
    .thread T_7;
    .scope S_0x13b60f400;
T_8 ;
    %delay 100000000, 0;
    %vpi_call/w 3 146 "$display", "Simulation timeout" {0 0 0};
    %vpi_call/w 3 147 "$finish" {0 0 0};
    %end;
    .thread T_8;
# The file index is used to find the file name in the following table.
:file_names 6;
    "N/A";
    "<interactive>";
    "-";
    "uart_tx_tb.v";
    "./uart_tx.v";
    "./piso.v";
