#! /Users/sriramnimmala/Desktop/oss-cad-suite/bin/vvp
:ivl_version "13.0 (devel)" "(s20221226-518-g94d9d1951)";
:ivl_delay_selection "TYPICAL";
:vpi_time_precision + 0;
:vpi_module "/Users/sriramnimmala/Desktop/oss-cad-suite/lib/ivl/system.vpi";
:vpi_module "/Users/sriramnimmala/Desktop/oss-cad-suite/lib/ivl/vhdl_sys.vpi";
:vpi_module "/Users/sriramnimmala/Desktop/oss-cad-suite/lib/ivl/vhdl_textio.vpi";
:vpi_module "/Users/sriramnimmala/Desktop/oss-cad-suite/lib/ivl/v2005_math.vpi";
:vpi_module "/Users/sriramnimmala/Desktop/oss-cad-suite/lib/ivl/va_math.vpi";
:vpi_module "/Users/sriramnimmala/Desktop/oss-cad-suite/lib/ivl/v2009.vpi";
S_0x142904270 .scope package, "$unit" "$unit" 2 1;
 .timescale 0 0;
S_0x142904400 .scope module, "tb_uart_rx" "tb_uart_rx" 3 1;
 .timescale 0 0;
P_0x142904570 .param/l "CLK_PERIOD" 1 3 16, +C4<00000000000000000000000000001010>;
P_0x1429045b0 .param/l "DATA_WIDTH" 0 3 2, +C4<00000000000000000000000000001000>;
v0x142823b10_0 .var "clk", 0 0;
v0x142823bb0_0 .var "din", 0 0;
v0x142823c60_0 .net "par_out", 7 0, v0x1428237e0_0;  1 drivers
v0x142823d30_0 .var "reset", 0 0;
S_0x142805ae0 .scope module, "DUT" "uart_rx" 3 9, 4 1 0, S_0x142904400;
 .timescale 0 0;
    .port_info 0 /INPUT 1 "din";
    .port_info 1 /INPUT 1 "clk";
    .port_info 2 /INPUT 1 "reset";
    .port_info 3 /OUTPUT 8 "par_out";
P_0x142805c50 .param/l "DATA" 1 4 18, C4<010>;
P_0x142805c90 .param/l "DATA_WIDTH" 0 4 2, +C4<00000000000000000000000000001000>;
P_0x142805cd0 .param/l "IDLE" 1 4 16, C4<000>;
P_0x142805d10 .param/l "START" 1 4 17, C4<001>;
P_0x142805d50 .param/l "STOP" 1 4 19, C4<011>;
v0x142810340_0 .var "bit_counter", 3 0;
v0x142823690_0 .net "clk", 0 0, v0x142823b10_0;  1 drivers
v0x142823730_0 .net "din", 0 0, v0x142823bb0_0;  1 drivers
v0x1428237e0_0 .var "par_out", 7 0;
v0x142823890_0 .net "reset", 0 0, v0x142823d30_0;  1 drivers
v0x142823970_0 .var "shift_reg", 7 0;
v0x142823a20_0 .var "state", 2 0;
E_0x1428076a0/0 .event negedge, v0x142823890_0;
E_0x1428076a0/1 .event posedge, v0x142823690_0;
E_0x1428076a0 .event/or E_0x1428076a0/0, E_0x1428076a0/1;
    .scope S_0x142805ae0;
T_0 ;
    %wait E_0x1428076a0;
    %load/vec4 v0x142823890_0;
    %nor/r;
    %flag_set/vec4 8;
    %jmp/0xz  T_0.0, 8;
    %pushi/vec4 0, 0, 3;
    %assign/vec4 v0x142823a20_0, 0;
    %pushi/vec4 0, 0, 8;
    %assign/vec4 v0x142823970_0, 0;
    %pushi/vec4 0, 0, 4;
    %assign/vec4 v0x142810340_0, 0;
    %pushi/vec4 0, 0, 8;
    %assign/vec4 v0x1428237e0_0, 0;
    %jmp T_0.1;
T_0.0 ;
    %load/vec4 v0x142823a20_0;
    %dup/vec4;
    %pushi/vec4 0, 0, 3;
    %cmp/u;
    %jmp/1 T_0.2, 6;
    %dup/vec4;
    %pushi/vec4 1, 0, 3;
    %cmp/u;
    %jmp/1 T_0.3, 6;
    %dup/vec4;
    %pushi/vec4 2, 0, 3;
    %cmp/u;
    %jmp/1 T_0.4, 6;
    %dup/vec4;
    %pushi/vec4 3, 0, 3;
    %cmp/u;
    %jmp/1 T_0.5, 6;
    %jmp T_0.6;
T_0.2 ;
    %load/vec4 v0x142823730_0;
    %nor/r;
    %flag_set/vec4 8;
    %jmp/0xz  T_0.7, 8;
    %pushi/vec4 1, 0, 3;
    %assign/vec4 v0x142823a20_0, 0;
    %pushi/vec4 0, 0, 4;
    %assign/vec4 v0x142810340_0, 0;
T_0.7 ;
    %jmp T_0.6;
T_0.3 ;
    %pushi/vec4 2, 0, 3;
    %assign/vec4 v0x142823a20_0, 0;
    %jmp T_0.6;
T_0.4 ;
    %load/vec4 v0x142823730_0;
    %load/vec4 v0x142823970_0;
    %parti/s 7, 1, 2;
    %concat/vec4; draw_concat_vec4
    %assign/vec4 v0x142823970_0, 0;
    %load/vec4 v0x142810340_0;
    %addi 1, 0, 4;
    %assign/vec4 v0x142810340_0, 0;
    %load/vec4 v0x142810340_0;
    %pad/u 32;
    %cmpi/e 7, 0, 32;
    %jmp/0xz  T_0.9, 4;
    %pushi/vec4 3, 0, 3;
    %assign/vec4 v0x142823a20_0, 0;
T_0.9 ;
    %jmp T_0.6;
T_0.5 ;
    %load/vec4 v0x142823970_0;
    %assign/vec4 v0x1428237e0_0, 0;
    %pushi/vec4 0, 0, 3;
    %assign/vec4 v0x142823a20_0, 0;
    %jmp T_0.6;
T_0.6 ;
    %pop/vec4 1;
T_0.1 ;
    %jmp T_0;
    .thread T_0;
    .scope S_0x142904400;
T_1 ;
    %pushi/vec4 0, 0, 1;
    %store/vec4 v0x142823b10_0, 0, 1;
    %end;
    .thread T_1, $init;
    .scope S_0x142904400;
T_2 ;
    %delay 5, 0;
    %load/vec4 v0x142823b10_0;
    %inv;
    %store/vec4 v0x142823b10_0, 0, 1;
    %jmp T_2;
    .thread T_2;
    .scope S_0x142904400;
T_3 ;
    %vpi_call/w 3 20 "$dumpfile", "tb_uart_rx.vcd" {0 0 0};
    %vpi_call/w 3 21 "$dumpvars", 32'sb00000000000000000000000000000000, S_0x142904400 {0 0 0};
    %pushi/vec4 0, 0, 1;
    %store/vec4 v0x142823d30_0, 0, 1;
    %delay 20, 0;
    %pushi/vec4 1, 0, 1;
    %store/vec4 v0x142823d30_0, 0, 1;
    %pushi/vec4 1, 0, 1;
    %store/vec4 v0x142823bb0_0, 0, 1;
    %delay 100, 0;
    %pushi/vec4 0, 0, 1;
    %store/vec4 v0x142823bb0_0, 0, 1;
    %delay 160, 0;
    %pushi/vec4 1, 0, 1;
    %store/vec4 v0x142823bb0_0, 0, 1;
    %delay 160, 0;
    %pushi/vec4 0, 0, 1;
    %store/vec4 v0x142823bb0_0, 0, 1;
    %delay 160, 0;
    %pushi/vec4 1, 0, 1;
    %store/vec4 v0x142823bb0_0, 0, 1;
    %delay 160, 0;
    %pushi/vec4 0, 0, 1;
    %store/vec4 v0x142823bb0_0, 0, 1;
    %delay 160, 0;
    %pushi/vec4 1, 0, 1;
    %store/vec4 v0x142823bb0_0, 0, 1;
    %delay 160, 0;
    %pushi/vec4 0, 0, 1;
    %store/vec4 v0x142823bb0_0, 0, 1;
    %delay 160, 0;
    %pushi/vec4 1, 0, 1;
    %store/vec4 v0x142823bb0_0, 0, 1;
    %delay 160, 0;
    %pushi/vec4 0, 0, 1;
    %store/vec4 v0x142823bb0_0, 0, 1;
    %delay 160, 0;
    %pushi/vec4 1, 0, 1;
    %store/vec4 v0x142823bb0_0, 0, 1;
    %delay 160, 0;
    %vpi_call/w 3 48 "$display", "Received data: %h", v0x142823c60_0 {0 0 0};
    %vpi_call/w 3 49 "$finish" {0 0 0};
    %end;
    .thread T_3;
# The file index is used to find the file name in the following table.
:file_names 5;
    "N/A";
    "<interactive>";
    "-";
    "uart_rx_tb.v";
    "uart_rx.v";
